[1 of 1] Compiling Main             ( /tmp/cabal-tmp-30748/base-orphans-0.8.1/dist/dist-sandbox-c1029b9/setup/setup.hs, /tmp/cabal-tmp-30748/base-orphans-0.8.1/dist/dist-sandbox-c1029b9/setup/Main.o )
Linking /tmp/cabal-tmp-30748/base-orphans-0.8.1/dist/dist-sandbox-c1029b9/setup/setup ...
Warning: base-orphans.cabal: Unknown fields: build-tool-depends (line 62)
Fields allowed in this section:
type, main-is, test-module, buildable, build-tools, build-depends,
cpp-options, cc-options, ld-options, pkgconfig-depends, frameworks,
c-sources, js-sources, default-language, other-languages,
default-extensions, other-extensions, extensions, extra-libraries,
extra-ghci-libraries, extra-lib-dirs, includes, install-includes,
include-dirs, hs-source-dirs, other-modules, ghc-prof-options,
ghcjs-prof-options, ghc-shared-options, ghcjs-shared-options,
ghc-options, ghcjs-options, jhc-options, hugs-options,
nhc98-options
Configuring base-orphans-0.8.1...
Building base-orphans-0.8.1...
Preprocessing library base-orphans-0.8.1...
[1 of 2] Compiling Data.Orphans.Prelude ( src/Data/Orphans/Prelude.hs, dist/dist-sandbox-c1029b9/build/Data/Orphans/Prelude.o )
[2 of 2] Compiling Data.Orphans     ( src/Data/Orphans.hs, dist/dist-sandbox-c1029b9/build/Data/Orphans.o )
In-place registering base-orphans-0.8.1...
Creating package registration file:
/tmp/pkgConf-base-orphans-0.86105154341585990364.1
Installing library in
/home/thiagoyuri/workspace/TODOL/Haskell/.cabal-sandbox/lib/x86_64-linux-ghc-7.10.3/base-orphans-0.8.1-1J0i4LHcP7xH0CTRs0ZC4Y
Registering base-orphans-0.8.1...
