Configuring hmatrix-0.18.2.0...
Building hmatrix-0.18.2.0...
Preprocessing library hmatrix-0.18.2.0...
[ 1 of 27] Compiling Internal.Vector  ( src/Internal/Vector.hs, dist/dist-sandbox-c1029b9/build/Internal/Vector.o )
[ 2 of 27] Compiling Internal.Devel   ( src/Internal/Devel.hs, dist/dist-sandbox-c1029b9/build/Internal/Devel.o )
[ 3 of 27] Compiling Internal.Vectorized ( src/Internal/Vectorized.hs, dist/dist-sandbox-c1029b9/build/Internal/Vectorized.o )
[ 4 of 27] Compiling Internal.Matrix  ( src/Internal/Matrix.hs, dist/dist-sandbox-c1029b9/build/Internal/Matrix.o )
[ 5 of 27] Compiling Internal.Conversion ( src/Internal/Conversion.hs, dist/dist-sandbox-c1029b9/build/Internal/Conversion.o )
[ 6 of 27] Compiling Internal.ST      ( src/Internal/ST.hs, dist/dist-sandbox-c1029b9/build/Internal/ST.o )
[ 7 of 27] Compiling Internal.Element ( src/Internal/Element.hs, dist/dist-sandbox-c1029b9/build/Internal/Element.o )
[ 8 of 27] Compiling Internal.IO      ( src/Internal/IO.hs, dist/dist-sandbox-c1029b9/build/Internal/IO.o )
[ 9 of 27] Compiling Internal.LAPACK  ( src/Internal/LAPACK.hs, dist/dist-sandbox-c1029b9/build/Internal/LAPACK.o )
[10 of 27] Compiling Internal.Numeric ( src/Internal/Numeric.hs, dist/dist-sandbox-c1029b9/build/Internal/Numeric.o )
[11 of 27] Compiling Internal.Sparse  ( src/Internal/Sparse.hs, dist/dist-sandbox-c1029b9/build/Internal/Sparse.o )
[12 of 27] Compiling Numeric.LinearAlgebra.Devel ( src/Numeric/LinearAlgebra/Devel.hs, dist/dist-sandbox-c1029b9/build/Numeric/LinearAlgebra/Devel.o )
[13 of 27] Compiling Internal.Algorithms ( src/Internal/Algorithms.hs, dist/dist-sandbox-c1029b9/build/Internal/Algorithms.o )
[14 of 27] Compiling Internal.Container ( src/Internal/Container.hs, dist/dist-sandbox-c1029b9/build/Internal/Container.o )
[15 of 27] Compiling Internal.Random  ( src/Internal/Random.hs, dist/dist-sandbox-c1029b9/build/Internal/Random.o )
[16 of 27] Compiling Internal.Convolution ( src/Internal/Convolution.hs, dist/dist-sandbox-c1029b9/build/Internal/Convolution.o )
[17 of 27] Compiling Internal.Chain   ( src/Internal/Chain.hs, dist/dist-sandbox-c1029b9/build/Internal/Chain.o )
[18 of 27] Compiling Numeric.Vector   ( src/Numeric/Vector.hs, dist/dist-sandbox-c1029b9/build/Numeric/Vector.o )
[19 of 27] Compiling Internal.CG      ( src/Internal/CG.hs, dist/dist-sandbox-c1029b9/build/Internal/CG.o )
[20 of 27] Compiling Numeric.Matrix   ( src/Numeric/Matrix.hs, dist/dist-sandbox-c1029b9/build/Numeric/Matrix.o )
[21 of 27] Compiling Internal.Util    ( src/Internal/Util.hs, dist/dist-sandbox-c1029b9/build/Internal/Util.o )
[22 of 27] Compiling Internal.Modular ( src/Internal/Modular.hs, dist/dist-sandbox-c1029b9/build/Internal/Modular.o )

src/Internal/Modular.hs:135:10: Warning:
    No explicit implementation for
      ‘reorderV’
    In the instance declaration for ‘Element (Mod m I)’

src/Internal/Modular.hs:152:10: Warning:
    No explicit implementation for
      ‘reorderV’
    In the instance declaration for ‘Element (Mod m Z)’
[23 of 27] Compiling Numeric.LinearAlgebra.Data ( src/Numeric/LinearAlgebra/Data.hs, dist/dist-sandbox-c1029b9/build/Numeric/LinearAlgebra/Data.o )
[24 of 27] Compiling Numeric.LinearAlgebra ( src/Numeric/LinearAlgebra.hs, dist/dist-sandbox-c1029b9/build/Numeric/LinearAlgebra.o )
[25 of 27] Compiling Numeric.LinearAlgebra.HMatrix ( src/Numeric/LinearAlgebra/HMatrix.hs, dist/dist-sandbox-c1029b9/build/Numeric/LinearAlgebra/HMatrix.o )
[26 of 27] Compiling Internal.Static  ( src/Internal/Static.hs, dist/dist-sandbox-c1029b9/build/Internal/Static.o )
